<?xml version="1.0" encoding="UTF-8"?>
<!-- Generated by org.testng.reporters.JUnitXMLReporter -->
<testsuite hostname="DESKTOP-PHF5J10" ignored="0" name="Ask Question Tests" tests="1" failures="1" timestamp="10 Sep 2019 09:25:59 GMT" time="43.874" errors="0">
  <testcase name="feature" time="43.379" classname="cucumber.api.testng.AbstractTestNGCucumberTests">
    <failure type="java.lang.Throwable" message="Multiple failures (2):nnFailure 1 of 2:njunit.framework.ComparisonFailure: Both are same expected:&amp;lt;[row 2 or column ASK A QUESTION does not exist in xls]&amp;gt; but was:&amp;lt;[Schedule Consultation]&amp;gt;
	at junit.framework.Assert.assertEquals(Assert.java:100)
	at steps.AskAQuestionsAvailability.i_can_see_Schedule_Consulation(AskAQuestionsAvailability.java:33)
	at ✽.Then I can see Schedule Consulation.(src/test/resources/features/AskAQuestion.feature:5)
nnFailure 2 of 2:ncucumber.runtime.CucumberException: junit.framework.ComparisonFailure: Both are same expected:&amp;lt;[row 2 or column ASK A QUESTION does not exist in xls]&amp;gt; but was:&amp;lt;[Schedule Consultation]&amp;gt;">
      <![CDATA[java.lang.Throwable: Multiple failures (2):nnFailure 1 of 2:njunit.framework.ComparisonFailure: Both are same expected:<[row 2 or column ASK A QUESTION does not exist in xls]> but was:<[Schedule Consultation]>
	at junit.framework.Assert.assertEquals(Assert.java:100)
	at steps.AskAQuestionsAvailability.i_can_see_Schedule_Consulation(AskAQuestionsAvailability.java:33)
	at ✽.Then I can see Schedule Consulation.(src/test/resources/features/AskAQuestion.feature:5)
nnFailure 2 of 2:ncucumber.runtime.CucumberException: junit.framework.ComparisonFailure: Both are same expected:<[row 2 or column ASK A QUESTION does not exist in xls]> but was:<[Schedule Consultation]>
	at cucumber.api.testng.TestNGCucumberRunner.runCucumber(TestNGCucumberRunner.java:69)
	at cucumber.api.testng.AbstractTestNGCucumberTests.feature(AbstractTestNGCucumberTests.java:21)
... Removed 25 stack frames]]>
    </failure>
  </testcase> <!-- feature -->
</testsuite> <!-- Ask Question Tests -->
